<?xml version="1.0" encoding="UTF-8"?>
<!-- Generated by org.testng.reporters.JUnitReportReporter -->
<testsuite hostname="LAPTOP-OSSCLHS4" name="test_cases.Walmart_account" tests="1" failures="0" timestamp="10 Dec 2020 03:29:50 GMT" time="25.481" errors="0">
  <testcase name="walmartaccount" time="25.481" classname="test_cases.Walmart_account"/>
</testsuite> <!-- test_cases.Walmart_account -->
